# JRE version: Java(TM) SE Runtime Environment (8.0_111-b14) (build 1.8.0_111-b14)
# Java VM: Java HotSpot(TM) 64-Bit Server VM (25.111-b14 mixed mode linux-amd64 compressed oops)
Heap:
 PSYoungGen      total 1469952K, used 103282K [0x000000066ab00000, 0x00000006fba80000, 0x00000007c0000000)
  eden space 603648K, 0% used [0x000000066ab00000,0x000000066ab00000,0x000000068f880000)
  from space 866304K, 11% used [0x00000006c6c80000,0x00000006cd15c940,0x00000006fba80000)
  to   space 885760K, 0% used [0x000000068f880000,0x000000068f880000,0x00000006c5980000)
 ParOldGen       total 3118592K, used 3118490K [0x00000003c0000000, 0x000000047e580000, 0x000000066ab00000)
  object space 3118592K, 99% used [0x00000003c0000000,0x000000047e5668b8,0x000000047e580000)
 Metaspace       used 2502K, capacity 4498K, committed 4864K, reserved 1056768K
  class space    used 271K, capacity 386K, committed 512K, reserved 1048576K
GC Heap History (10 events):
Event: 14.416 GC heap after
Heap after GC invocations=16 (full 6):
 PSYoungGen      total 1274880K, used 613152K [0x000000066ab00000, 0x00000006f5800000, 0x00000007c0000000)
  eden space 483328K, 0% used [0x000000066ab00000,0x000000066ab00000,0x0000000688300000)
  from space 791552K, 77% used [0x00000006bd300000,0x00000006e29c8000,0x00000006ed800000)
  to   space 868352K, 0% used [0x0000000688300000,0x0000000688300000,0x00000006bd300000)
 ParOldGen       total 1910272K, used 1643669K [0x00000003c0000000, 0x0000000434980000, 0x000000066ab00000)
  object space 1910272K, 86% used [0x00000003c0000000,0x0000000424525538,0x0000000434980000)
 Metaspace       used 2502K, capacity 4498K, committed 4864K, reserved 1056768K
  class space    used 271K, capacity 386K, committed 512K, reserved 1048576K
}
Event: 14.416 GC heap before
{Heap before GC invocations=17 (full 7):
 PSYoungGen      total 1274880K, used 613152K [0x000000066ab00000, 0x00000006f5800000, 0x00000007c0000000)
  eden space 483328K, 0% used [0x000000066ab00000,0x000000066ab00000,0x0000000688300000)
  from space 791552K, 77% used [0x00000006bd300000,0x00000006e29c8000,0x00000006ed800000)
  to   space 868352K, 0% used [0x0000000688300000,0x0000000688300000,0x00000006bd300000)
 ParOldGen       total 1910272K, used 1643669K [0x00000003c0000000, 0x0000000434980000, 0x000000066ab00000)
  object space 1910272K, 86% used [0x00000003c0000000,0x0000000424525538,0x0000000434980000)
 Metaspace       used 2502K, capacity 4498K, committed 4864K, reserved 1056768K
  class space    used 271K, capacity 386K, committed 512K, reserved 1048576K
Event: 19.330 GC heap after
Heap after GC invocations=17 (full 7):
 PSYoungGen      total 1274880K, used 344907K [0x000000066ab00000, 0x00000006f5800000, 0x00000007c0000000)
  eden space 483328K, 0% used [0x000000066ab00000,0x000000066ab00000,0x0000000688300000)
  from space 791552K, 43% used [0x00000006bd300000,0x00000006d23d2fc0,0x00000006ed800000)
  to   space 868352K, 0% used [0x0000000688300000,0x0000000688300000,0x00000006bd300000)
 ParOldGen       total 2468864K, used 1910210K [0x00000003c0000000, 0x0000000456b00000, 0x000000066ab00000)
  object space 2468864K, 77% used [0x00000003c0000000,0x0000000434970a38,0x0000000456b00000)
 Metaspace       used 2502K, capacity 4498K, committed 4864K, reserved 1056768K
  class space    used 271K, capacity 386K, committed 512K, reserved 1048576K
}
Event: 19.413 GC heap before
{Heap before GC invocations=18 (full 7):
 PSYoungGen      total 1274880K, used 828235K [0x000000066ab00000, 0x00000006f5800000, 0x00000007c0000000)
  eden space 483328K, 100% used [0x000000066ab00000,0x0000000688300000,0x0000000688300000)
  from space 791552K, 43% used [0x00000006bd300000,0x00000006d23d2fc0,0x00000006ed800000)
  to   space 868352K, 0% used [0x0000000688300000,0x0000000688300000,0x00000006bd300000)
 ParOldGen       total 2468864K, used 1910210K [0x00000003c0000000, 0x0000000456b00000, 0x000000066ab00000)
  object space 2468864K, 77% used [0x00000003c0000000,0x0000000434970a38,0x0000000456b00000)
 Metaspace       used 2502K, capacity 4498K, committed 4864K, reserved 1056768K
  class space    used 271K, capacity 386K, committed 512K, reserved 1048576K
Event: 20.992 GC heap after
Heap after GC invocations=18 (full 7):
 PSYoungGen      total 1351680K, used 483936K [0x000000066ab00000, 0x00000006fc800000, 0x00000007c0000000)
  eden space 483328K, 0% used [0x000000066ab00000,0x000000066ab00000,0x0000000688300000)
  from space 868352K, 55% used [0x0000000688300000,0x00000006a5b98000,0x00000006bd300000)
  to   space 880128K, 0% used [0x00000006c6c80000,0x00000006c6c80000,0x00000006fc800000)
 ParOldGen       total 2468864K, used 2256490K [0x00000003c0000000, 0x0000000456b00000, 0x000000066ab00000)
  object space 2468864K, 91% used [0x00000003c0000000,0x0000000449b9aa38,0x0000000456b00000)
 Metaspace       used 2502K, capacity 4498K, committed 4864K, reserved 1056768K
  class space    used 271K, capacity 386K, committed 512K, reserved 1048576K
}
Event: 20.992 GC heap before
{Heap before GC invocations=19 (full 8):
 PSYoungGen      total 1351680K, used 483936K [0x000000066ab00000, 0x00000006fc800000, 0x00000007c0000000)
  eden space 483328K, 0% used [0x000000066ab00000,0x000000066ab00000,0x0000000688300000)
  from space 868352K, 55% used [0x0000000688300000,0x00000006a5b98000,0x00000006bd300000)
  to   space 880128K, 0% used [0x00000006c6c80000,0x00000006c6c80000,0x00000006fc800000)
 ParOldGen       total 2468864K, used 2256490K [0x00000003c0000000, 0x0000000456b00000, 0x000000066ab00000)
  object space 2468864K, 91% used [0x00000003c0000000,0x0000000449b9aa38,0x0000000456b00000)
 Metaspace       used 2502K, capacity 4498K, committed 4864K, reserved 1056768K
  class space    used 271K, capacity 386K, committed 512K, reserved 1048576K
Event: 27.057 GC heap after
Heap after GC invocations=19 (full 8):
 PSYoungGen      total 1351680K, used 270031K [0x000000066ab00000, 0x00000006fc800000, 0x00000007c0000000)
  eden space 483328K, 0% used [0x000000066ab00000,0x000000066ab00000,0x0000000688300000)
  from space 868352K, 31% used [0x0000000688300000,0x0000000698ab3ec0,0x00000006bd300000)
  to   space 880128K, 0% used [0x00000006c6c80000,0x00000006c6c80000,0x00000006fc800000)
 ParOldGen       total 3118592K, used 2468413K [0x00000003c0000000, 0x000000047e580000, 0x000000066ab00000)
  object space 3118592K, 79% used [0x00000003c0000000,0x0000000456a8f7f8,0x000000047e580000)
 Metaspace       used 2502K, capacity 4498K, committed 4864K, reserved 1056768K
  class space    used 271K, capacity 386K, committed 512K, reserved 1048576K
}
Event: 27.148 GC heap before
{Heap before GC invocations=20 (full 8):
 PSYoungGen      total 1351680K, used 753359K [0x000000066ab00000, 0x00000006fc800000, 0x00000007c0000000)
  eden space 483328K, 100% used [0x000000066ab00000,0x0000000688300000,0x0000000688300000)
  from space 868352K, 31% used [0x0000000688300000,0x0000000698ab3ec0,0x00000006bd300000)
  to   space 880128K, 0% used [0x00000006c6c80000,0x00000006c6c80000,0x00000006fc800000)
 ParOldGen       total 3118592K, used 2468413K [0x00000003c0000000, 0x000000047e580000, 0x000000066ab00000)
  object space 3118592K, 79% used [0x00000003c0000000,0x0000000456a8f7f8,0x000000047e580000)
 Metaspace       used 2502K, capacity 4498K, committed 4864K, reserved 1056768K
  class space    used 271K, capacity 386K, committed 512K, reserved 1048576K
Event: 28.264 GC heap after
Heap after GC invocations=20 (full 8):
 PSYoungGen      total 1469952K, used 483936K [0x000000066ab00000, 0x00000006fba80000, 0x00000007c0000000)
  eden space 603648K, 0% used [0x000000066ab00000,0x000000066ab00000,0x000000068f880000)
  from space 866304K, 55% used [0x00000006c6c80000,0x00000006e4518000,0x00000006fba80000)
  to   space 885760K, 0% used [0x000000068f880000,0x000000068f880000,0x00000006c5980000)
 ParOldGen       total 3118592K, used 2739533K [0x00000003c0000000, 0x000000047e580000, 0x000000066ab00000)
  object space 3118592K, 87% used [0x00000003c0000000,0x00000004673537f8,0x000000047e580000)
 Metaspace       used 2502K, capacity 4498K, committed 4864K, reserved 1056768K
  class space    used 271K, capacity 386K, committed 512K, reserved 1048576K
}
Event: 28.264 GC heap before
{Heap before GC invocations=21 (full 9):
 PSYoungGen      total 1469952K, used 483936K [0x000000066ab00000, 0x00000006fba80000, 0x00000007c0000000)
  eden space 603648K, 0% used [0x000000066ab00000,0x000000066ab00000,0x000000068f880000)
  from space 866304K, 55% used [0x00000006c6c80000,0x00000006e4518000,0x00000006fba80000)
  to   space 885760K, 0% used [0x000000068f880000,0x000000068f880000,0x00000006c5980000)
 ParOldGen       total 3118592K, used 2739533K [0x00000003c0000000, 0x000000047e580000, 0x000000066ab00000)
  object space 3118592K, 87% used [0x00000003c0000000,0x00000004673537f8,0x000000047e580000)
 Metaspace       used 2502K, capacity 4498K, committed 4864K, reserved 1056768K
  class space    used 271K, capacity 386K, committed 512K, reserved 1048576K

