# JRE version: Java(TM) SE Runtime Environment (8.0_25-b18) (build 1.8.0_25-b18)
# Java VM: Java HotSpot(TM) 64-Bit Server VM (25.25-b02 mixed mode windows-amd64 compressed oops)
Heap:
 PSYoungGen      total 31744K, used 20182K [0x000000076b300000, 0x00000007bec80000, 0x00000007c0000000)
  eden space 31232K, 64% used [0x000000076b300000,0x000000076c685bf0,0x000000076d180000)
  from space 512K, 37% used [0x00000007bec00000,0x00000007bec30000,0x00000007bec80000)
  to   space 512K, 0% used [0x00000007beb80000,0x00000007beb80000,0x00000007bec00000)
 ParOldGen       total 175104K, used 109303K [0x00000006c1800000, 0x00000006cc300000, 0x000000076b300000)
  object space 175104K, 62% used [0x00000006c1800000,0x00000006c82bdcd8,0x00000006cc300000)
 Metaspace       used 9559K, capacity 9732K, committed 9984K, reserved 1058816K
  class space    used 1112K, capacity 1161K, committed 1280K, reserved 1048576K
GC Heap History (10 events):
Event: 49874.070 GC heap before
{Heap before GC invocations=157360 (full 0):
 PSYoungGen      total 31744K, used 31392K [0x000000076b300000, 0x00000007bec80000, 0x00000007c0000000)
  eden space 31232K, 100% used [0x000000076b300000,0x000000076d180000,0x000000076d180000)
  from space 512K, 31% used [0x00000007beb80000,0x00000007beba8000,0x00000007bec00000)
  to   space 512K, 0% used [0x00000007bec00000,0x00000007bec00000,0x00000007bec80000)
 ParOldGen       total 175104K, used 109303K [0x00000006c1800000, 0x00000006cc300000, 0x000000076b300000)
  object space 175104K, 62% used [0x00000006c1800000,0x00000006c82bdcd8,0x00000006cc300000)
 Metaspace       used 9557K, capacity 9732K, committed 9984K, reserved 1058816K
  class space    used 1112K, capacity 1161K, committed 1280K, reserved 1048576K
Event: 49874.070 GC heap after
Heap after GC invocations=157360 (full 0):
 PSYoungGen      total 31744K, used 128K [0x000000076b300000, 0x00000007bec80000, 0x00000007c0000000)
  eden space 31232K, 0% used [0x000000076b300000,0x000000076b300000,0x000000076d180000)
  from space 512K, 25% used [0x00000007bec00000,0x00000007bec20000,0x00000007bec80000)
  to   space 512K, 0% used [0x00000007beb80000,0x00000007beb80000,0x00000007bec00000)
 ParOldGen       total 175104K, used 109303K [0x00000006c1800000, 0x00000006cc300000, 0x000000076b300000)
  object space 175104K, 62% used [0x00000006c1800000,0x00000006c82bdcd8,0x00000006cc300000)
 Metaspace       used 9557K, capacity 9732K, committed 9984K, reserved 1058816K
  class space    used 1112K, capacity 1161K, committed 1280K, reserved 1048576K
}
Event: 49875.793 GC heap before
{Heap before GC invocations=157361 (full 0):
 PSYoungGen      total 31744K, used 31360K [0x000000076b300000, 0x00000007bec80000, 0x00000007c0000000)
  eden space 31232K, 100% used [0x000000076b300000,0x000000076d180000,0x000000076d180000)
  from space 512K, 25% used [0x00000007bec00000,0x00000007bec20000,0x00000007bec80000)
  to   space 512K, 0% used [0x00000007beb80000,0x00000007beb80000,0x00000007bec00000)
 ParOldGen       total 175104K, used 109303K [0x00000006c1800000, 0x00000006cc300000, 0x000000076b300000)
  object space 175104K, 62% used [0x00000006c1800000,0x00000006c82bdcd8,0x00000006cc300000)
 Metaspace       used 9557K, capacity 9732K, committed 9984K, reserved 1058816K
  class space    used 1112K, capacity 1161K, committed 1280K, reserved 1048576K
Event: 49875.794 GC heap after
Heap after GC invocations=157361 (full 0):
 PSYoungGen      total 31744K, used 128K [0x000000076b300000, 0x00000007bec80000, 0x00000007c0000000)
  eden space 31232K, 0% used [0x000000076b300000,0x000000076b300000,0x000000076d180000)
  from space 512K, 25% used [0x00000007beb80000,0x00000007beba0000,0x00000007bec00000)
  to   space 512K, 0% used [0x00000007bec00000,0x00000007bec00000,0x00000007bec80000)
 ParOldGen       total 175104K, used 109303K [0x00000006c1800000, 0x00000006cc300000, 0x000000076b300000)
  object space 175104K, 62% used [0x00000006c1800000,0x00000006c82bdcd8,0x00000006cc300000)
 Metaspace       used 9557K, capacity 9732K, committed 9984K, reserved 1058816K
  class space    used 1112K, capacity 1161K, committed 1280K, reserved 1048576K
}
Event: 49877.506 GC heap before
{Heap before GC invocations=157362 (full 0):
 PSYoungGen      total 31744K, used 31360K [0x000000076b300000, 0x00000007bec80000, 0x00000007c0000000)
  eden space 31232K, 100% used [0x000000076b300000,0x000000076d180000,0x000000076d180000)
  from space 512K, 25% used [0x00000007beb80000,0x00000007beba0000,0x00000007bec00000)
  to   space 512K, 0% used [0x00000007bec00000,0x00000007bec00000,0x00000007bec80000)
 ParOldGen       total 175104K, used 109303K [0x00000006c1800000, 0x00000006cc300000, 0x000000076b300000)
  object space 175104K, 62% used [0x00000006c1800000,0x00000006c82bdcd8,0x00000006cc300000)
 Metaspace       used 9557K, capacity 9732K, committed 9984K, reserved 1058816K
  class space    used 1112K, capacity 1161K, committed 1280K, reserved 1048576K
Event: 49877.507 GC heap after
Heap after GC invocations=157362 (full 0):
 PSYoungGen      total 31744K, used 160K [0x000000076b300000, 0x00000007bec80000, 0x00000007c0000000)
  eden space 31232K, 0% used [0x000000076b300000,0x000000076b300000,0x000000076d180000)
  from space 512K, 31% used [0x00000007bec00000,0x00000007bec28000,0x00000007bec80000)
  to   space 512K, 0% used [0x00000007beb80000,0x00000007beb80000,0x00000007bec00000)
 ParOldGen       total 175104K, used 109303K [0x00000006c1800000, 0x00000006cc300000, 0x000000076b300000)
  object space 175104K, 62% used [0x00000006c1800000,0x00000006c82bdcd8,0x00000006cc300000)
 Metaspace       used 9557K, capacity 9732K, committed 9984K, reserved 1058816K
  class space    used 1112K, capacity 1161K, committed 1280K, reserved 1048576K
}
Event: 49879.228 GC heap before
{Heap before GC invocations=157363 (full 0):
 PSYoungGen      total 31744K, used 31392K [0x000000076b300000, 0x00000007bec80000, 0x00000007c0000000)
  eden space 31232K, 100% used [0x000000076b300000,0x000000076d180000,0x000000076d180000)
  from space 512K, 31% used [0x00000007bec00000,0x00000007bec28000,0x00000007bec80000)
  to   space 512K, 0% used [0x00000007beb80000,0x00000007beb80000,0x00000007bec00000)
 ParOldGen       total 175104K, used 109303K [0x00000006c1800000, 0x00000006cc300000, 0x000000076b300000)
  object space 175104K, 62% used [0x00000006c1800000,0x00000006c82bdcd8,0x00000006cc300000)
 Metaspace       used 9557K, capacity 9732K, committed 9984K, reserved 1058816K
  class space    used 1112K, capacity 1161K, committed 1280K, reserved 1048576K
Event: 49879.228 GC heap after
Heap after GC invocations=157363 (full 0):
 PSYoungGen      total 31744K, used 192K [0x000000076b300000, 0x00000007bec80000, 0x00000007c0000000)
  eden space 31232K, 0% used [0x000000076b300000,0x000000076b300000,0x000000076d180000)
  from space 512K, 37% used [0x00000007beb80000,0x00000007bebb0000,0x00000007bec00000)
  to   space 512K, 0% used [0x00000007bec00000,0x00000007bec00000,0x00000007bec80000)
 ParOldGen       total 175104K, used 109303K [0x00000006c1800000, 0x00000006cc300000, 0x000000076b300000)
  object space 175104K, 62% used [0x00000006c1800000,0x00000006c82bdcd8,0x00000006cc300000)
 Metaspace       used 9557K, capacity 9732K, committed 9984K, reserved 1058816K
  class space    used 1112K, capacity 1161K, committed 1280K, reserved 1048576K
}
Event: 49880.940 GC heap before
{Heap before GC invocations=157364 (full 0):
 PSYoungGen      total 31744K, used 31424K [0x000000076b300000, 0x00000007bec80000, 0x00000007c0000000)
  eden space 31232K, 100% used [0x000000076b300000,0x000000076d180000,0x000000076d180000)
  from space 512K, 37% used [0x00000007beb80000,0x00000007bebb0000,0x00000007bec00000)
  to   space 512K, 0% used [0x00000007bec00000,0x00000007bec00000,0x00000007bec80000)
 ParOldGen       total 175104K, used 109303K [0x00000006c1800000, 0x00000006cc300000, 0x000000076b300000)
  object space 175104K, 62% used [0x00000006c1800000,0x00000006c82bdcd8,0x00000006cc300000)
 Metaspace       used 9557K, capacity 9732K, committed 9984K, reserved 1058816K
  class space    used 1112K, capacity 1161K, committed 1280K, reserved 1048576K
Event: 49880.940 GC heap after
Heap after GC invocations=157364 (full 0):
 PSYoungGen      total 31744K, used 192K [0x000000076b300000, 0x00000007bec80000, 0x00000007c0000000)
  eden space 31232K, 0% used [0x000000076b300000,0x000000076b300000,0x000000076d180000)
  from space 512K, 37% used [0x00000007bec00000,0x00000007bec30000,0x00000007bec80000)
  to   space 512K, 0% used [0x00000007beb80000,0x00000007beb80000,0x00000007bec00000)
 ParOldGen       total 175104K, used 109303K [0x00000006c1800000, 0x00000006cc300000, 0x000000076b300000)
  object space 175104K, 62% used [0x00000006c1800000,0x00000006c82bdcd8,0x00000006cc300000)
 Metaspace       used 9557K, capacity 9732K, committed 9984K, reserved 1058816K
  class space    used 1112K, capacity 1161K, committed 1280K, reserved 1048576K
}

