# JRE version: Java(TM) SE Runtime Environment (8.0_25-b18) (build 1.8.0_25-b18)
# Java VM: Java HotSpot(TM) 64-Bit Server VM (25.25-b02 mixed mode windows-amd64 compressed oops)
Heap:
 PSYoungGen      total 181760K, used 29177K [0x000000076b300000, 0x00000007c0000000, 0x00000007c0000000)
  eden space 181248K, 15% used [0x000000076b300000,0x000000076cf3e480,0x0000000776400000)
  from space 512K, 50% used [0x00000007bff00000,0x00000007bff40000,0x00000007bff80000)
  to   space 512K, 0% used [0x00000007bff80000,0x00000007bff80000,0x00000007c0000000)
 ParOldGen       total 97280K, used 67751K [0x00000006c1800000, 0x00000006c7700000, 0x000000076b300000)
  object space 97280K, 69% used [0x00000006c1800000,0x00000006c5a29c50,0x00000006c7700000)
 Metaspace       used 9888K, capacity 10078K, committed 10240K, reserved 1058816K
  class space    used 1118K, capacity 1189K, committed 1280K, reserved 1048576K
GC Heap History (10 events):
Event: 405194.852 GC heap before
{Heap before GC invocations=8858166 (full 1553):
 PSYoungGen      total 152576K, used 152224K [0x000000076b300000, 0x00000007c0000000, 0x00000007c0000000)
  eden space 152064K, 100% used [0x000000076b300000,0x0000000774780000,0x0000000774780000)
  from space 512K, 31% used [0x00000007bff80000,0x00000007bffa8000,0x00000007c0000000)
  to   space 512K, 0% used [0x00000007bff00000,0x00000007bff00000,0x00000007bff80000)
 ParOldGen       total 97280K, used 63882K [0x00000006c1800000, 0x00000006c7700000, 0x000000076b300000)
  object space 97280K, 65% used [0x00000006c1800000,0x00000006c56629a0,0x00000006c7700000)
 Metaspace       used 9888K, capacity 10078K, committed 10240K, reserved 1058816K
  class space    used 1118K, capacity 1189K, committed 1280K, reserved 1048576K
Event: 405194.853 GC heap after
Heap after GC invocations=8858166 (full 1553):
 PSYoungGen      total 146944K, used 128K [0x000000076b300000, 0x00000007c0000000, 0x00000007c0000000)
  eden space 146432K, 0% used [0x000000076b300000,0x000000076b300000,0x0000000774200000)
  from space 512K, 25% used [0x00000007bff00000,0x00000007bff20000,0x00000007bff80000)
  to   space 512K, 0% used [0x00000007bff80000,0x00000007bff80000,0x00000007c0000000)
 ParOldGen       total 97280K, used 63898K [0x00000006c1800000, 0x00000006c7700000, 0x000000076b300000)
  object space 97280K, 65% used [0x00000006c1800000,0x00000006c56669a0,0x00000006c7700000)
 Metaspace       used 9888K, capacity 10078K, committed 10240K, reserved 1058816K
  class space    used 1118K, capacity 1189K, committed 1280K, reserved 1048576K
}
Event: 405194.904 GC heap before
{Heap before GC invocations=8858167 (full 1553):
 PSYoungGen      total 146944K, used 146560K [0x000000076b300000, 0x00000007c0000000, 0x00000007c0000000)
  eden space 146432K, 100% used [0x000000076b300000,0x0000000774200000,0x0000000774200000)
  from space 512K, 25% used [0x00000007bff00000,0x00000007bff20000,0x00000007bff80000)
  to   space 512K, 0% used [0x00000007bff80000,0x00000007bff80000,0x00000007c0000000)
 ParOldGen       total 97280K, used 63898K [0x00000006c1800000, 0x00000006c7700000, 0x000000076b300000)
  object space 97280K, 65% used [0x00000006c1800000,0x00000006c56669a0,0x00000006c7700000)
 Metaspace       used 9888K, capacity 10078K, committed 10240K, reserved 1058816K
  class space    used 1118K, capacity 1189K, committed 1280K, reserved 1048576K
Event: 405194.904 GC heap after
Heap after GC invocations=8858167 (full 1553):
 PSYoungGen      total 141312K, used 160K [0x000000076b300000, 0x00000007c0000000, 0x00000007c0000000)
  eden space 140800K, 0% used [0x000000076b300000,0x000000076b300000,0x0000000773c80000)
  from space 512K, 31% used [0x00000007bff80000,0x00000007bffa8000,0x00000007c0000000)
  to   space 512K, 0% used [0x00000007bff00000,0x00000007bff00000,0x00000007bff80000)
 ParOldGen       total 97280K, used 63898K [0x00000006c1800000, 0x00000006c7700000, 0x000000076b300000)
  object space 97280K, 65% used [0x00000006c1800000,0x00000006c56669a0,0x00000006c7700000)
 Metaspace       used 9888K, capacity 10078K, committed 10240K, reserved 1058816K
  class space    used 1118K, capacity 1189K, committed 1280K, reserved 1048576K
}
Event: 405194.966 GC heap before
{Heap before GC invocations=8858168 (full 1553):
 PSYoungGen      total 141312K, used 140960K [0x000000076b300000, 0x00000007c0000000, 0x00000007c0000000)
  eden space 140800K, 100% used [0x000000076b300000,0x0000000773c80000,0x0000000773c80000)
  from space 512K, 31% used [0x00000007bff80000,0x00000007bffa8000,0x00000007c0000000)
  to   space 512K, 0% used [0x00000007bff00000,0x00000007bff00000,0x00000007bff80000)
 ParOldGen       total 97280K, used 63898K [0x00000006c1800000, 0x00000006c7700000, 0x000000076b300000)
  object space 97280K, 65% used [0x00000006c1800000,0x00000006c56669a0,0x00000006c7700000)
 Metaspace       used 9888K, capacity 10078K, committed 10240K, reserved 1058816K
  class space    used 1118K, capacity 1189K, committed 1280K, reserved 1048576K
Event: 405194.967 GC heap after
Heap after GC invocations=8858168 (full 1553):
 PSYoungGen      total 136192K, used 128K [0x000000076b300000, 0x00000007c0000000, 0x00000007c0000000)
  eden space 135680K, 0% used [0x000000076b300000,0x000000076b300000,0x0000000773780000)
  from space 512K, 25% used [0x00000007bff00000,0x00000007bff20000,0x00000007bff80000)
  to   space 512K, 0% used [0x00000007bff80000,0x00000007bff80000,0x00000007c0000000)
 ParOldGen       total 97280K, used 63898K [0x00000006c1800000, 0x00000006c7700000, 0x000000076b300000)
  object space 97280K, 65% used [0x00000006c1800000,0x00000006c56669a0,0x00000006c7700000)
 Metaspace       used 9888K, capacity 10078K, committed 10240K, reserved 1058816K
  class space    used 1118K, capacity 1189K, committed 1280K, reserved 1048576K
}
Event: 405195.045 GC heap before
{Heap before GC invocations=8858169 (full 1553):
 PSYoungGen      total 136192K, used 135808K [0x000000076b300000, 0x00000007c0000000, 0x00000007c0000000)
  eden space 135680K, 100% used [0x000000076b300000,0x0000000773780000,0x0000000773780000)
  from space 512K, 25% used [0x00000007bff00000,0x00000007bff20000,0x00000007bff80000)
  to   space 512K, 0% used [0x00000007bff80000,0x00000007bff80000,0x00000007c0000000)
 ParOldGen       total 97280K, used 63898K [0x00000006c1800000, 0x00000006c7700000, 0x000000076b300000)
  object space 97280K, 65% used [0x00000006c1800000,0x00000006c56669a0,0x00000006c7700000)
 Metaspace       used 9888K, capacity 10078K, committed 10240K, reserved 1058816K
  class space    used 1118K, capacity 1189K, committed 1280K, reserved 1048576K
Event: 405195.046 GC heap after
Heap after GC invocations=8858169 (full 1553):
 PSYoungGen      total 131072K, used 32K [0x000000076b300000, 0x00000007c0000000, 0x00000007c0000000)
  eden space 130560K, 0% used [0x000000076b300000,0x000000076b300000,0x0000000773280000)
  from space 512K, 6% used [0x00000007bff80000,0x00000007bff88000,0x00000007c0000000)
  to   space 512K, 0% used [0x00000007bff00000,0x00000007bff00000,0x00000007bff80000)
 ParOldGen       total 97280K, used 63922K [0x00000006c1800000, 0x00000006c7700000, 0x000000076b300000)
  object space 97280K, 65% used [0x00000006c1800000,0x00000006c566c9a0,0x00000006c7700000)
 Metaspace       used 9888K, capacity 10078K, committed 10240K, reserved 1058816K
  class space    used 1118K, capacity 1189K, committed 1280K, reserved 1048576K
}
Event: 405195.102 GC heap before
{Heap before GC invocations=8858170 (full 1553):
 PSYoungGen      total 131072K, used 130592K [0x000000076b300000, 0x00000007c0000000, 0x00000007c0000000)
  eden space 130560K, 100% used [0x000000076b300000,0x0000000773280000,0x0000000773280000)
  from space 512K, 6% used [0x00000007bff80000,0x00000007bff88000,0x00000007c0000000)
  to   space 512K, 0% used [0x00000007bff00000,0x00000007bff00000,0x00000007bff80000)
 ParOldGen       total 97280K, used 63922K [0x00000006c1800000, 0x00000006c7700000, 0x000000076b300000)
  object space 97280K, 65% used [0x00000006c1800000,0x00000006c566c9a0,0x00000006c7700000)
 Metaspace       used 9888K, capacity 10078K, committed 10240K, reserved 1058816K
  class space    used 1118K, capacity 1189K, committed 1280K, reserved 1048576K
Event: 405195.102 GC heap after
Heap after GC invocations=8858170 (full 1553):
 PSYoungGen      total 157184K, used 96K [0x000000076b300000, 0x00000007c0000000, 0x00000007c0000000)
  eden space 156672K, 0% used [0x000000076b300000,0x000000076b300000,0x0000000774c00000)
  from space 512K, 18% used [0x00000007bff00000,0x00000007bff18000,0x00000007bff80000)
  to   space 512K, 0% used [0x00000007bff80000,0x00000007bff80000,0x00000007c0000000)
 ParOldGen       total 97280K, used 63922K [0x00000006c1800000, 0x00000006c7700000, 0x000000076b300000)
  object space 97280K, 65% used [0x00000006c1800000,0x00000006c566c9a0,0x00000006c7700000)
 Metaspace       used 9888K, capacity 10078K, committed 10240K, reserved 1058816K
  class space    used 1118K, capacity 1189K, committed 1280K, reserved 1048576K
}

