# JRE version: Java(TM) SE Runtime Environment (8.0_25-b18) (build 1.8.0_25-b18)
# Java VM: Java HotSpot(TM) 64-Bit Server VM (25.25-b02 mixed mode windows-amd64 compressed oops)
Heap:
 PSYoungGen      total 836096K, used 143783K [0x000000076b300000, 0x00000007c0000000, 0x00000007c0000000)
  eden space 835584K, 17% used [0x000000076b300000,0x0000000773f31ec0,0x000000079e300000)
  from space 512K, 43% used [0x00000007bff80000,0x00000007bffb8000,0x00000007c0000000)
  to   space 512K, 0% used [0x00000007bff00000,0x00000007bff00000,0x00000007bff80000)
 ParOldGen       total 86528K, used 19649K [0x00000006c1800000, 0x00000006c6c80000, 0x000000076b300000)
  object space 86528K, 22% used [0x00000006c1800000,0x00000006c2b306a8,0x00000006c6c80000)
 Metaspace       used 9744K, capacity 9916K, committed 10240K, reserved 1058816K
  class space    used 1107K, capacity 1159K, committed 1280K, reserved 1048576K
GC Heap History (10 events):
Event: 85434.885 GC heap before
{Heap before GC invocations=1847343 (full 112):
 PSYoungGen      total 553472K, used 553248K [0x000000076b300000, 0x00000007c0000000, 0x00000007c0000000)
  eden space 552960K, 100% used [0x000000076b300000,0x000000078cf00000,0x000000078cf00000)
  from space 512K, 56% used [0x00000007bff80000,0x00000007bffc8000,0x00000007c0000000)
  to   space 512K, 0% used [0x00000007bff00000,0x00000007bff00000,0x00000007bff80000)
 ParOldGen       total 83968K, used 82333K [0x00000006c1800000, 0x00000006c6a00000, 0x000000076b300000)
  object space 83968K, 98% used [0x00000006c1800000,0x00000006c6867460,0x00000006c6a00000)
 Metaspace       used 9744K, capacity 9916K, committed 10240K, reserved 1058816K
  class space    used 1107K, capacity 1159K, committed 1280K, reserved 1048576K
Event: 85434.885 GC heap after
Heap after GC invocations=1847343 (full 112):
 PSYoungGen      total 528896K, used 256K [0x000000076b300000, 0x00000007c0000000, 0x00000007c0000000)
  eden space 528384K, 0% used [0x000000076b300000,0x000000076b300000,0x000000078b700000)
  from space 512K, 50% used [0x00000007bff00000,0x00000007bff40000,0x00000007bff80000)
  to   space 512K, 0% used [0x00000007bff80000,0x00000007bff80000,0x00000007c0000000)
 ParOldGen       total 83968K, used 82333K [0x00000006c1800000, 0x00000006c6a00000, 0x000000076b300000)
  object space 83968K, 98% used [0x00000006c1800000,0x00000006c6867460,0x00000006c6a00000)
 Metaspace       used 9744K, capacity 9916K, committed 10240K, reserved 1058816K
  class space    used 1107K, capacity 1159K, committed 1280K, reserved 1048576K
}
Event: 85434.950 GC heap before
{Heap before GC invocations=1847344 (full 112):
 PSYoungGen      total 528896K, used 528640K [0x000000076b300000, 0x00000007c0000000, 0x00000007c0000000)
  eden space 528384K, 100% used [0x000000076b300000,0x000000078b700000,0x000000078b700000)
  from space 512K, 50% used [0x00000007bff00000,0x00000007bff40000,0x00000007bff80000)
  to   space 512K, 0% used [0x00000007bff80000,0x00000007bff80000,0x00000007c0000000)
 ParOldGen       total 83968K, used 82333K [0x00000006c1800000, 0x00000006c6a00000, 0x000000076b300000)
  object space 83968K, 98% used [0x00000006c1800000,0x00000006c6867460,0x00000006c6a00000)
 Metaspace       used 9744K, capacity 9916K, committed 10240K, reserved 1058816K
  class space    used 1107K, capacity 1159K, committed 1280K, reserved 1048576K
Event: 85434.951 GC heap after
Heap after GC invocations=1847344 (full 112):
 PSYoungGen      total 505856K, used 160K [0x000000076b300000, 0x00000007c0000000, 0x00000007c0000000)
  eden space 505344K, 0% used [0x000000076b300000,0x000000076b300000,0x000000078a080000)
  from space 512K, 31% used [0x00000007bff80000,0x00000007bffa8000,0x00000007c0000000)
  to   space 512K, 0% used [0x00000007bff00000,0x00000007bff00000,0x00000007bff80000)
 ParOldGen       total 83968K, used 82341K [0x00000006c1800000, 0x00000006c6a00000, 0x000000076b300000)
  object space 83968K, 98% used [0x00000006c1800000,0x00000006c6869460,0x00000006c6a00000)
 Metaspace       used 9744K, capacity 9916K, committed 10240K, reserved 1058816K
  class space    used 1107K, capacity 1159K, committed 1280K, reserved 1048576K
}
Event: 85435.016 GC heap before
{Heap before GC invocations=1847345 (full 112):
 PSYoungGen      total 505856K, used 505504K [0x000000076b300000, 0x00000007c0000000, 0x00000007c0000000)
  eden space 505344K, 100% used [0x000000076b300000,0x000000078a080000,0x000000078a080000)
  from space 512K, 31% used [0x00000007bff80000,0x00000007bffa8000,0x00000007c0000000)
  to   space 512K, 0% used [0x00000007bff00000,0x00000007bff00000,0x00000007bff80000)
 ParOldGen       total 83968K, used 82341K [0x00000006c1800000, 0x00000006c6a00000, 0x000000076b300000)
  object space 83968K, 98% used [0x00000006c1800000,0x00000006c6869460,0x00000006c6a00000)
 Metaspace       used 9744K, capacity 9916K, committed 10240K, reserved 1058816K
  class space    used 1107K, capacity 1159K, committed 1280K, reserved 1048576K
Event: 85435.017 GC heap after
Heap after GC invocations=1847345 (full 112):
 PSYoungGen      total 483840K, used 224K [0x000000076b300000, 0x00000007c0000000, 0x00000007c0000000)
  eden space 483328K, 0% used [0x000000076b300000,0x000000076b300000,0x0000000788b00000)
  from space 512K, 43% used [0x00000007bff00000,0x00000007bff38000,0x00000007bff80000)
  to   space 512K, 0% used [0x00000007bff80000,0x00000007bff80000,0x00000007c0000000)
 ParOldGen       total 83968K, used 82341K [0x00000006c1800000, 0x00000006c6a00000, 0x000000076b300000)
  object space 83968K, 98% used [0x00000006c1800000,0x00000006c6869460,0x00000006c6a00000)
 Metaspace       used 9744K, capacity 9916K, committed 10240K, reserved 1058816K
  class space    used 1107K, capacity 1159K, committed 1280K, reserved 1048576K
}
Event: 85435.083 GC heap before
{Heap before GC invocations=1847346 (full 112):
 PSYoungGen      total 483840K, used 483552K [0x000000076b300000, 0x00000007c0000000, 0x00000007c0000000)
  eden space 483328K, 100% used [0x000000076b300000,0x0000000788b00000,0x0000000788b00000)
  from space 512K, 43% used [0x00000007bff00000,0x00000007bff38000,0x00000007bff80000)
  to   space 512K, 0% used [0x00000007bff80000,0x00000007bff80000,0x00000007c0000000)
 ParOldGen       total 83968K, used 82341K [0x00000006c1800000, 0x00000006c6a00000, 0x000000076b300000)
  object space 83968K, 98% used [0x00000006c1800000,0x00000006c6869460,0x00000006c6a00000)
 Metaspace       used 9744K, capacity 9916K, committed 10240K, reserved 1058816K
  class space    used 1107K, capacity 1159K, committed 1280K, reserved 1048576K
Event: 85435.086 GC heap after
Heap after GC invocations=1847346 (full 112):
 PSYoungGen      total 580608K, used 320K [0x000000076b300000, 0x00000007c0000000, 0x00000007c0000000)
  eden space 580096K, 0% used [0x000000076b300000,0x000000076b300000,0x000000078e980000)
  from space 512K, 62% used [0x00000007bff80000,0x00000007bffd0000,0x00000007c0000000)
  to   space 512K, 0% used [0x00000007bff00000,0x00000007bff00000,0x00000007bff80000)
 ParOldGen       total 87040K, used 85921K [0x00000006c1800000, 0x00000006c6d00000, 0x000000076b300000)
  object space 87040K, 98% used [0x00000006c1800000,0x00000006c6be8410,0x00000006c6d00000)
 Metaspace       used 9744K, capacity 9916K, committed 10240K, reserved 1058816K
  class space    used 1107K, capacity 1159K, committed 1280K, reserved 1048576K
}
Event: 85435.086 GC heap before
{Heap before GC invocations=1847347 (full 113):
 PSYoungGen      total 580608K, used 320K [0x000000076b300000, 0x00000007c0000000, 0x00000007c0000000)
  eden space 580096K, 0% used [0x000000076b300000,0x000000076b300000,0x000000078e980000)
  from space 512K, 62% used [0x00000007bff80000,0x00000007bffd0000,0x00000007c0000000)
  to   space 512K, 0% used [0x00000007bff00000,0x00000007bff00000,0x00000007bff80000)
 ParOldGen       total 87040K, used 85921K [0x00000006c1800000, 0x00000006c6d00000, 0x000000076b300000)
  object space 87040K, 98% used [0x00000006c1800000,0x00000006c6be8410,0x00000006c6d00000)
 Metaspace       used 9744K, capacity 9916K, committed 10240K, reserved 1058816K
  class space    used 1107K, capacity 1159K, committed 1280K, reserved 1048576K
Event: 85435.095 GC heap after
Heap after GC invocations=1847347 (full 113):
 PSYoungGen      total 580608K, used 0K [0x000000076b300000, 0x00000007c0000000, 0x00000007c0000000)
  eden space 580096K, 0% used [0x000000076b300000,0x000000076b300000,0x000000078e980000)
  from space 512K, 0% used [0x00000007bff80000,0x00000007bff80000,0x00000007c0000000)
  to   space 512K, 0% used [0x00000007bff00000,0x00000007bff00000,0x00000007bff80000)
 ParOldGen       total 86528K, used 16045K [0x00000006c1800000, 0x00000006c6c80000, 0x000000076b300000)
  object space 86528K, 18% used [0x00000006c1800000,0x00000006c27ab6f8,0x00000006c6c80000)
 Metaspace       used 9744K, capacity 9916K, committed 10240K, reserved 1058816K
  class space    used 1107K, capacity 1159K, committed 1280K, reserved 1048576K
}

