# JRE version: Java(TM) SE Runtime Environment (8.0_25-b18) (build 1.8.0_25-b18)
# Java VM: Java HotSpot(TM) 64-Bit Server VM (25.25-b02 mixed mode windows-amd64 compressed oops)
Heap:
 PSYoungGen      total 710144K, used 410026K [0x000000076b300000, 0x00000007c0000000, 0x00000007c0000000)
  eden space 709632K, 57% used [0x000000076b300000,0x000000078432a8b0,0x0000000796800000)
  from space 512K, 50% used [0x00000007bff00000,0x00000007bff40000,0x00000007bff80000)
  to   space 512K, 0% used [0x00000007bff80000,0x00000007bff80000,0x00000007c0000000)
 ParOldGen       total 95232K, used 20382K [0x00000006c1800000, 0x00000006c7500000, 0x000000076b300000)
  object space 95232K, 21% used [0x00000006c1800000,0x00000006c2be7a80,0x00000006c7500000)
 Metaspace       used 9859K, capacity 10034K, committed 10240K, reserved 1058816K
  class space    used 1127K, capacity 1192K, committed 1280K, reserved 1048576K
GC Heap History (10 events):
Event: 131392.573 GC heap before
{Heap before GC invocations=2783872 (full 159):
 PSYoungGen      total 447488K, used 447264K [0x000000076b300000, 0x00000007c0000000, 0x00000007c0000000)
  eden space 446976K, 100% used [0x000000076b300000,0x0000000786780000,0x0000000786780000)
  from space 512K, 56% used [0x00000007bff80000,0x00000007bffc8000,0x00000007c0000000)
  to   space 512K, 0% used [0x00000007bff00000,0x00000007bff00000,0x00000007bff80000)
 ParOldGen       total 95232K, used 20350K [0x00000006c1800000, 0x00000006c7500000, 0x000000076b300000)
  object space 95232K, 21% used [0x00000006c1800000,0x00000006c2bdfa80,0x00000006c7500000)
 Metaspace       used 9858K, capacity 10034K, committed 10240K, reserved 1058816K
  class space    used 1127K, capacity 1192K, committed 1280K, reserved 1048576K
Event: 131392.574 GC heap after
Heap after GC invocations=2783872 (full 159):
 PSYoungGen      total 428544K, used 288K [0x000000076b300000, 0x00000007c0000000, 0x00000007c0000000)
  eden space 428032K, 0% used [0x000000076b300000,0x000000076b300000,0x0000000785500000)
  from space 512K, 56% used [0x00000007bff00000,0x00000007bff48000,0x00000007bff80000)
  to   space 512K, 0% used [0x00000007bff80000,0x00000007bff80000,0x00000007c0000000)
 ParOldGen       total 95232K, used 20374K [0x00000006c1800000, 0x00000006c7500000, 0x000000076b300000)
  object space 95232K, 21% used [0x00000006c1800000,0x00000006c2be5a80,0x00000006c7500000)
 Metaspace       used 9858K, capacity 10034K, committed 10240K, reserved 1058816K
  class space    used 1127K, capacity 1192K, committed 1280K, reserved 1048576K
}
Event: 131392.630 GC heap before
{Heap before GC invocations=2783873 (full 159):
 PSYoungGen      total 428544K, used 428320K [0x000000076b300000, 0x00000007c0000000, 0x00000007c0000000)
  eden space 428032K, 100% used [0x000000076b300000,0x0000000785500000,0x0000000785500000)
  from space 512K, 56% used [0x00000007bff00000,0x00000007bff48000,0x00000007bff80000)
  to   space 512K, 0% used [0x00000007bff80000,0x00000007bff80000,0x00000007c0000000)
 ParOldGen       total 95232K, used 20374K [0x00000006c1800000, 0x00000006c7500000, 0x000000076b300000)
  object space 95232K, 21% used [0x00000006c1800000,0x00000006c2be5a80,0x00000006c7500000)
 Metaspace       used 9858K, capacity 10034K, committed 10240K, reserved 1058816K
  class space    used 1127K, capacity 1192K, committed 1280K, reserved 1048576K
Event: 131392.630 GC heap after
Heap after GC invocations=2783873 (full 159):
 PSYoungGen      total 410624K, used 256K [0x000000076b300000, 0x00000007c0000000, 0x00000007c0000000)
  eden space 410112K, 0% used [0x000000076b300000,0x000000076b300000,0x0000000784380000)
  from space 512K, 50% used [0x00000007bff80000,0x00000007bffc0000,0x00000007c0000000)
  to   space 512K, 0% used [0x00000007bff00000,0x00000007bff00000,0x00000007bff80000)
 ParOldGen       total 95232K, used 20374K [0x00000006c1800000, 0x00000006c7500000, 0x000000076b300000)
  object space 95232K, 21% used [0x00000006c1800000,0x00000006c2be5a80,0x00000006c7500000)
 Metaspace       used 9858K, capacity 10034K, committed 10240K, reserved 1058816K
  class space    used 1127K, capacity 1192K, committed 1280K, reserved 1048576K
}
Event: 131392.680 GC heap before
{Heap before GC invocations=2783874 (full 159):
 PSYoungGen      total 410624K, used 410368K [0x000000076b300000, 0x00000007c0000000, 0x00000007c0000000)
  eden space 410112K, 100% used [0x000000076b300000,0x0000000784380000,0x0000000784380000)
  from space 512K, 50% used [0x00000007bff80000,0x00000007bffc0000,0x00000007c0000000)
  to   space 512K, 0% used [0x00000007bff00000,0x00000007bff00000,0x00000007bff80000)
 ParOldGen       total 95232K, used 20374K [0x00000006c1800000, 0x00000006c7500000, 0x000000076b300000)
  object space 95232K, 21% used [0x00000006c1800000,0x00000006c2be5a80,0x00000006c7500000)
 Metaspace       used 9858K, capacity 10034K, committed 10240K, reserved 1058816K
  class space    used 1127K, capacity 1192K, committed 1280K, reserved 1048576K
Event: 131392.681 GC heap after
Heap after GC invocations=2783874 (full 159):
 PSYoungGen      total 493056K, used 192K [0x000000076b300000, 0x00000007c0000000, 0x00000007c0000000)
  eden space 492544K, 0% used [0x000000076b300000,0x000000076b300000,0x0000000789400000)
  from space 512K, 37% used [0x00000007bff00000,0x00000007bff30000,0x00000007bff80000)
  to   space 512K, 0% used [0x00000007bff80000,0x00000007bff80000,0x00000007c0000000)
 ParOldGen       total 95232K, used 20374K [0x00000006c1800000, 0x00000006c7500000, 0x000000076b300000)
  object space 95232K, 21% used [0x00000006c1800000,0x00000006c2be5a80,0x00000006c7500000)
 Metaspace       used 9858K, capacity 10034K, committed 10240K, reserved 1058816K
  class space    used 1127K, capacity 1192K, committed 1280K, reserved 1048576K
}
Event: 131392.741 GC heap before
{Heap before GC invocations=2783875 (full 159):
 PSYoungGen      total 493056K, used 492736K [0x000000076b300000, 0x00000007c0000000, 0x00000007c0000000)
  eden space 492544K, 100% used [0x000000076b300000,0x0000000789400000,0x0000000789400000)
  from space 512K, 37% used [0x00000007bff00000,0x00000007bff30000,0x00000007bff80000)
  to   space 512K, 0% used [0x00000007bff80000,0x00000007bff80000,0x00000007c0000000)
 ParOldGen       total 95232K, used 20374K [0x00000006c1800000, 0x00000006c7500000, 0x000000076b300000)
  object space 95232K, 21% used [0x00000006c1800000,0x00000006c2be5a80,0x00000006c7500000)
 Metaspace       used 9858K, capacity 10034K, committed 10240K, reserved 1058816K
  class space    used 1127K, capacity 1192K, committed 1280K, reserved 1048576K
Event: 131392.741 GC heap after
Heap after GC invocations=2783875 (full 159):
 PSYoungGen      total 591872K, used 96K [0x000000076b300000, 0x00000007c0000000, 0x00000007c0000000)
  eden space 591360K, 0% used [0x000000076b300000,0x000000076b300000,0x000000078f480000)
  from space 512K, 18% used [0x00000007bff80000,0x00000007bff98000,0x00000007c0000000)
  to   space 512K, 0% used [0x00000007bff00000,0x00000007bff00000,0x00000007bff80000)
 ParOldGen       total 95232K, used 20374K [0x00000006c1800000, 0x00000006c7500000, 0x000000076b300000)
  object space 95232K, 21% used [0x00000006c1800000,0x00000006c2be5a80,0x00000006c7500000)
 Metaspace       used 9858K, capacity 10034K, committed 10240K, reserved 1058816K
  class space    used 1127K, capacity 1192K, committed 1280K, reserved 1048576K
}
Event: 131392.826 GC heap before
{Heap before GC invocations=2783876 (full 159):
 PSYoungGen      total 591872K, used 591456K [0x000000076b300000, 0x00000007c0000000, 0x00000007c0000000)
  eden space 591360K, 100% used [0x000000076b300000,0x000000078f480000,0x000000078f480000)
  from space 512K, 18% used [0x00000007bff80000,0x00000007bff98000,0x00000007c0000000)
  to   space 512K, 0% used [0x00000007bff00000,0x00000007bff00000,0x00000007bff80000)
 ParOldGen       total 95232K, used 20374K [0x00000006c1800000, 0x00000006c7500000, 0x000000076b300000)
  object space 95232K, 21% used [0x00000006c1800000,0x00000006c2be5a80,0x00000006c7500000)
 Metaspace       used 9858K, capacity 10034K, committed 10240K, reserved 1058816K
  class space    used 1127K, capacity 1192K, committed 1280K, reserved 1048576K
Event: 131392.827 GC heap after
Heap after GC invocations=2783876 (full 159):
 PSYoungGen      total 710144K, used 256K [0x000000076b300000, 0x00000007c0000000, 0x00000007c0000000)
  eden space 709632K, 0% used [0x000000076b300000,0x000000076b300000,0x0000000796800000)
  from space 512K, 50% used [0x00000007bff00000,0x00000007bff40000,0x00000007bff80000)
  to   space 512K, 0% used [0x00000007bff80000,0x00000007bff80000,0x00000007c0000000)
 ParOldGen       total 95232K, used 20382K [0x00000006c1800000, 0x00000006c7500000, 0x000000076b300000)
  object space 95232K, 21% used [0x00000006c1800000,0x00000006c2be7a80,0x00000006c7500000)
 Metaspace       used 9858K, capacity 10034K, committed 10240K, reserved 1058816K
  class space    used 1127K, capacity 1192K, committed 1280K, reserved 1048576K
}

